<?xml version="1.0" encoding="UTF-8"?>
<!-- Generated by org.testng.reporters.JUnitReportReporter -->
<testsuite skipped="0" hostname="DESKTOP-PB44JCV" name="testng.test2" tests="1" failures="0" timestamp="2021-08-16T17:43:59 IST" time="51.788" errors="0">
  <testcase name="tc1" time="51.788" classname="testng.test2"/>
  <system-out>
    <![CDATA[Facebook – log in or sign up
https://en-gb.facebook.com/login/?privacy_mutation_token=eyJ0eXBlIjowLCJjcmVhdGlvbl90aW1lIjoxNjI5MTE1Njc0LCJjYWxsc2l0ZV9pZCI6MzgxMjI5MDc5NTc1OTQ2fQ%3D%3D]]>
  </system-out>
</testsuite> <!-- testng.test2 -->
