<?xml version="1.0" encoding="UTF-8"?>
<!-- Generated by org.testng.reporters.JUnitXMLReporter -->
<testsuite hostname="DESKTOP-PB44JCV" ignored="1" name="Default test" tests="2" failures="0" timestamp="2021-08-20T17:33:13 IST" time="0.189" errors="0">
  <testcase name="chats" time="0.03" classname="testng.testcaseenabled"/>
  <testcase name="status" time="0.005" classname="testng.testcaseenabled"/>
  <testcase name="calls" time="0.0" classname="testng.testcaseenabled">
    <ignored/>
  </testcase> <!-- calls -->
</testsuite> <!-- Default test -->
